python3 tail.py artifacts/tail.short
first
second
third

python3 tail.py < artifacts/tail.short
first
second
third

python3 tail.py artifacts/tail.long
11th
12th
13th
14th
15th
16th
17th
18th
19th
20th

python3 tail.py < artifacts/tail.long
4th
5th
6th
7th
8th
9th
10th
11th
12th
13th
14th
15th
16th
17th
18th
19th
20th

python3 tail.py artifacts/tail.short artifacts/tail.long
==> artifacts/tail.short <==
first
second
third
==> artifacts/tail.long <==
11th
12th
13th
14th
15th
16th
17th
18th
19th
20th